<?xml version="1.0" encoding="UTF-8"?>
<coverage generated="1700001593637" clover="3.2.0">
  <project timestamp="1700001593637" name="All files">
    <metrics statements="9" coveredstatements="8" conditionals="0" coveredconditionals="0" methods="5" coveredmethods="4" elements="14" coveredelements="12" complexity="0" loc="9" ncloc="9" packages="1" files="2" classes="2"/>
    <file name="Header.tsx" path="G:\Proyectos-y-cursos\CHALLENGES\openweathermap-app\src\components\Header.tsx">
      <metrics statements="2" coveredstatements="2" conditionals="0" coveredconditionals="0" methods="1" coveredmethods="1"/>
      <line num="14" count="1" type="stmt"/>
      <line num="15" count="2" type="stmt"/>
    </file>
    <file name="Toast.tsx" path="G:\Proyectos-y-cursos\CHALLENGES\openweathermap-app\src\components\Toast.tsx">
      <metrics statements="7" coveredstatements="6" conditionals="0" coveredconditionals="0" methods="4" coveredmethods="3"/>
      <line num="10" count="1" type="stmt"/>
      <line num="11" count="1" type="stmt"/>
      <line num="13" count="1" type="stmt"/>
      <line num="14" count="1" type="stmt"/>
      <line num="15" count="0" type="stmt"/>
      <line num="19" count="1" type="stmt"/>
      <line num="23" count="1" type="stmt"/>
    </file>
  </project>
</coverage>
