{"G:\\Proyectos-y-cursos\\CHALLENGES\\openweathermap-app\\src\\components\\Header.tsx": {"path":"G:\\Proyectos-y-cursos\\CHALLENGES\\openweathermap-app\\src\\components\\Header.tsx","statementMap":{"0":{"start":{"line":14,"column":45},"end":{"line":31,"column":1}},"1":{"start":{"line":15,"column":2},"end":{"line":30,"column":3}}},"fnMap":{"0":{"name":"(anonymous_0)","decl":{"start":{"line":14,"column":45},"end":{"line":14,"column":46}},"loc":{"start":{"line":14,"column":64},"end":{"line":31,"column":1}},"line":14}},"branchMap":{},"s":{"0":1,"1":2},"f":{"0":2},"b":{},"_coverageSchema":"1a1c01bbd47fc00a2c39e90264f33305004495a9","hash":"2d6e8bb70279266b2a2f9039c2cd37f2df091145"}
,"G:\\Proyectos-y-cursos\\CHALLENGES\\openweathermap-app\\src\\components\\Toast.tsx": {"path":"G:\\Proyectos-y-cursos\\CHALLENGES\\openweathermap-app\\src\\components\\Toast.tsx","statementMap":{"0":{"start":{"line":10,"column":43},"end":{"line":30,"column":1}},"1":{"start":{"line":11,"column":42},"end":{"line":11,"column":56}},"2":{"start":{"line":13,"column":2},"end":{"line":20,"column":9}},"3":{"start":{"line":14,"column":18},"end":{"line":16,"column":12}},"4":{"start":{"line":15,"column":6},"end":{"line":15,"column":29}},"5":{"start":{"line":19,"column":4},"end":{"line":19,"column":37}},"6":{"start":{"line":19,"column":17},"end":{"line":19,"column":36}},"7":{"start":{"line":23,"column":2},"end":{"line":29,"column":4}}},"fnMap":{"0":{"name":"(anonymous_0)","decl":{"start":{"line":10,"column":43},"end":{"line":10,"column":44}},"loc":{"start":{"line":10,"column":65},"end":{"line":30,"column":1}},"line":10},"1":{"name":"(anonymous_1)","decl":{"start":{"line":13,"column":12},"end":{"line":13,"column":13}},"loc":{"start":{"line":13,"column":18},"end":{"line":20,"column":3}},"line":13},"2":{"name":"(anonymous_2)","decl":{"start":{"line":14,"column":29},"end":{"line":14,"column":30}},"loc":{"start":{"line":14,"column":35},"end":{"line":16,"column":5}},"line":14},"3":{"name":"(anonymous_3)","decl":{"start":{"line":19,"column":11},"end":{"line":19,"column":12}},"loc":{"start":{"line":19,"column":17},"end":{"line":19,"column":36}},"line":19}},"branchMap":{},"s":{"0":1,"1":1,"2":1,"3":1,"4":0,"5":1,"6":1,"7":1},"f":{"0":1,"1":1,"2":0,"3":1},"b":{},"_coverageSchema":"1a1c01bbd47fc00a2c39e90264f33305004495a9","hash":"1ef3ccce8df2b2c729a4f2f7c8dfe01ad111c94c"}
}
